May 25, 2009 3:20:33 PM net.studio20design.tuneserver.DirectoryListener findMusic
INFO: Looking for songs in ./music
May 25, 2009 3:20:33 PM net.studio20design.tuneserver.DirectoryListener findMusic
INFO: Looking for songs in ./music/.svn
May 25, 2009 3:20:33 PM net.studio20design.tuneserver.DirectoryListener findMusic
INFO: Looking for songs in ./music/.svn/prop-base
May 25, 2009 3:20:33 PM net.studio20design.tuneserver.DirectoryListener findMusic
INFO: Looking for songs in ./music/.svn/props
May 25, 2009 3:20:33 PM net.studio20design.tuneserver.DirectoryListener findMusic
INFO: Looking for songs in ./music/.svn/text-base
May 25, 2009 3:20:33 PM net.studio20design.tuneserver.DirectoryListener findMusic
INFO: Looking for songs in ./music/.svn/tmp
May 25, 2009 3:20:33 PM net.studio20design.tuneserver.DirectoryListener findMusic
INFO: Looking for songs in ./music/.svn/tmp/prop-base
May 25, 2009 3:20:33 PM net.studio20design.tuneserver.DirectoryListener findMusic
INFO: Looking for songs in ./music/.svn/tmp/props
May 25, 2009 3:20:33 PM net.studio20design.tuneserver.DirectoryListener findMusic
INFO: Looking for songs in ./music/.svn/tmp/text-base
May 25, 2009 3:20:33 PM net.studio20design.tuneserver.DirectoryListener$1 run
INFO: Found 1 songs
